Determining if the Q_WS_WIN exist failed with the following output:
Change Dir: /home/jiang/CvDataset/KITTI/QtKittiVisualizer/build/CMakeFiles/CMakeTmp

Run Build Command:/usr/bin/make "cmTryCompileExec828448524/fast"
/usr/bin/make -f CMakeFiles/cmTryCompileExec828448524.dir/build.make CMakeFiles/cmTryCompileExec828448524.dir/build
make[1]: Entering directory `/home/jiang/CvDataset/KITTI/QtKittiVisualizer/build/CMakeFiles/CMakeTmp'
/usr/bin/cmake -E cmake_progress_report /home/jiang/CvDataset/KITTI/QtKittiVisualizer/build/CMakeFiles/CMakeTmp/CMakeFiles 1
Building CXX object CMakeFiles/cmTryCompileExec828448524.dir/CheckSymbolExists.cxx.o
/usr/bin/c++    -I/usr/include/qt4    -o CMakeFiles/cmTryCompileExec828448524.dir/CheckSymbolExists.cxx.o -c /home/jiang/CvDataset/KITTI/QtKittiVisualizer/build/CMakeFiles/CMakeTmp/CheckSymbolExists.cxx
/home/jiang/CvDataset/KITTI/QtKittiVisualizer/build/CMakeFiles/CMakeTmp/CheckSymbolExists.cxx: In function ‘int main(int, char**)’:
/home/jiang/CvDataset/KITTI/QtKittiVisualizer/build/CMakeFiles/CMakeTmp/CheckSymbolExists.cxx:8:19: error: ‘Q_WS_WIN’ was not declared in this scope
   return ((int*)(&Q_WS_WIN))[argc];
                   ^
make[1]: *** [CMakeFiles/cmTryCompileExec828448524.dir/CheckSymbolExists.cxx.o] Error 1
make[1]: Leaving directory `/home/jiang/CvDataset/KITTI/QtKittiVisualizer/build/CMakeFiles/CMakeTmp'
make: *** [cmTryCompileExec828448524/fast] Error 2

File /home/jiang/CvDataset/KITTI/QtKittiVisualizer/build/CMakeFiles/CMakeTmp/CheckSymbolExists.cxx:
/* */
#include <QtCore/qglobal.h>

int main(int argc, char** argv)
{
  (void)argv;
#ifndef Q_WS_WIN
  return ((int*)(&Q_WS_WIN))[argc];
#else
  (void)argc;
  return 0;
#endif
}

Determining if the Q_WS_QWS exist failed with the following output:
Change Dir: /home/jiang/CvDataset/KITTI/QtKittiVisualizer/build/CMakeFiles/CMakeTmp

Run Build Command:/usr/bin/make "cmTryCompileExec3253870655/fast"
/usr/bin/make -f CMakeFiles/cmTryCompileExec3253870655.dir/build.make CMakeFiles/cmTryCompileExec3253870655.dir/build
make[1]: Entering directory `/home/jiang/CvDataset/KITTI/QtKittiVisualizer/build/CMakeFiles/CMakeTmp'
/usr/bin/cmake -E cmake_progress_report /home/jiang/CvDataset/KITTI/QtKittiVisualizer/build/CMakeFiles/CMakeTmp/CMakeFiles 1
Building CXX object CMakeFiles/cmTryCompileExec3253870655.dir/CheckSymbolExists.cxx.o
/usr/bin/c++    -I/usr/include/qt4    -o CMakeFiles/cmTryCompileExec3253870655.dir/CheckSymbolExists.cxx.o -c /home/jiang/CvDataset/KITTI/QtKittiVisualizer/build/CMakeFiles/CMakeTmp/CheckSymbolExists.cxx
/home/jiang/CvDataset/KITTI/QtKittiVisualizer/build/CMakeFiles/CMakeTmp/CheckSymbolExists.cxx: In function ‘int main(int, char**)’:
/home/jiang/CvDataset/KITTI/QtKittiVisualizer/build/CMakeFiles/CMakeTmp/CheckSymbolExists.cxx:8:19: error: ‘Q_WS_QWS’ was not declared in this scope
   return ((int*)(&Q_WS_QWS))[argc];
                   ^
make[1]: *** [CMakeFiles/cmTryCompileExec3253870655.dir/CheckSymbolExists.cxx.o] Error 1
make[1]: Leaving directory `/home/jiang/CvDataset/KITTI/QtKittiVisualizer/build/CMakeFiles/CMakeTmp'
make: *** [cmTryCompileExec3253870655/fast] Error 2

File /home/jiang/CvDataset/KITTI/QtKittiVisualizer/build/CMakeFiles/CMakeTmp/CheckSymbolExists.cxx:
/* */
#include <QtCore/qglobal.h>

int main(int argc, char** argv)
{
  (void)argv;
#ifndef Q_WS_QWS
  return ((int*)(&Q_WS_QWS))[argc];
#else
  (void)argc;
  return 0;
#endif
}

Determining if the Q_WS_MAC exist failed with the following output:
Change Dir: /home/jiang/CvDataset/KITTI/QtKittiVisualizer/build/CMakeFiles/CMakeTmp

Run Build Command:/usr/bin/make "cmTryCompileExec1564786396/fast"
/usr/bin/make -f CMakeFiles/cmTryCompileExec1564786396.dir/build.make CMakeFiles/cmTryCompileExec1564786396.dir/build
make[1]: Entering directory `/home/jiang/CvDataset/KITTI/QtKittiVisualizer/build/CMakeFiles/CMakeTmp'
/usr/bin/cmake -E cmake_progress_report /home/jiang/CvDataset/KITTI/QtKittiVisualizer/build/CMakeFiles/CMakeTmp/CMakeFiles 1
Building CXX object CMakeFiles/cmTryCompileExec1564786396.dir/CheckSymbolExists.cxx.o
/usr/bin/c++    -I/usr/include/qt4    -o CMakeFiles/cmTryCompileExec1564786396.dir/CheckSymbolExists.cxx.o -c /home/jiang/CvDataset/KITTI/QtKittiVisualizer/build/CMakeFiles/CMakeTmp/CheckSymbolExists.cxx
/home/jiang/CvDataset/KITTI/QtKittiVisualizer/build/CMakeFiles/CMakeTmp/CheckSymbolExists.cxx: In function ‘int main(int, char**)’:
/home/jiang/CvDataset/KITTI/QtKittiVisualizer/build/CMakeFiles/CMakeTmp/CheckSymbolExists.cxx:8:19: error: ‘Q_WS_MAC’ was not declared in this scope
   return ((int*)(&Q_WS_MAC))[argc];
                   ^
make[1]: *** [CMakeFiles/cmTryCompileExec1564786396.dir/CheckSymbolExists.cxx.o] Error 1
make[1]: Leaving directory `/home/jiang/CvDataset/KITTI/QtKittiVisualizer/build/CMakeFiles/CMakeTmp'
make: *** [cmTryCompileExec1564786396/fast] Error 2

File /home/jiang/CvDataset/KITTI/QtKittiVisualizer/build/CMakeFiles/CMakeTmp/CheckSymbolExists.cxx:
/* */
#include <QtCore/qglobal.h>

int main(int argc, char** argv)
{
  (void)argv;
#ifndef Q_WS_MAC
  return ((int*)(&Q_WS_MAC))[argc];
#else
  (void)argc;
  return 0;
#endif
}

